<?xml version="1.0" encoding="UTF-8"?>
<testng-results ignored="0" total="1" passed="1" failed="0" skipped="0">
  <reporter-output>
  </reporter-output>
  <suite started-at="2023-02-13T18:47:08 IST" name="Default suite" finished-at="2023-02-13T18:47:26 IST" duration-ms="17349">
    <groups>
    </groups>
    <test started-at="2023-02-13T18:47:08 IST" name="Default test" finished-at="2023-02-13T18:47:26 IST" duration-ms="17349">
      <class name="TestCases.UpdateProfile">
        <test-method signature="login()[pri:0, instance:TestCases.UpdateProfile@3d6f0054]" started-at="2023-02-13T18:47:08 IST" name="login" finished-at="2023-02-13T18:47:25 IST" duration-ms="17267" status="PASS">
          <reporter-output>
          </reporter-output>
        </test-method> <!-- login -->
      </class> <!-- TestCases.UpdateProfile -->
    </test> <!-- Default test -->
  </suite> <!-- Default suite -->
</testng-results>
