<?xml version="1.0" encoding="UTF-8"?>
<!-- Generated by org.testng.reporters.JUnitXMLReporter -->
<testsuite ignored="0" hostname="DESKTOP-02SBHH8" failures="0" tests="4" name="Login Testcases" time="23.954" errors="0" timestamp="2023-02-09T16:18:28 IST">
  <testcase classname="DataDrivenEg.BothIncorrect" name="loginBothInCorrect" time="6.891"/>
  <testcase classname="DataDrivenEg.CorrectUserName" name="loginCorrectUserName" time="4.607"/>
  <testcase classname="DataDrivenEg.CorrectPassword" name="loginCorrectPassword" time="5.302"/>
  <testcase classname="DataDrivenEg.BothCorrect" name="loginBothCorrect" time="7.058"/>
</testsuite> <!-- Login Testcases -->
